Training: [1, 2, 4, 5, 6, 7, 9]
Files already downloaded and verified
Files already downloaded and verified
Loss: 0.0520 | Acc: 0.9395
Training: [3, 4, 6, 7]
Files already downloaded and verified
Files already downloaded and verified
Loss: 0.0653 | Acc: 0.9089
Training: [0, 1, 2, 4, 5, 6, 8, 9]
Files already downloaded and verified
Files already downloaded and verified
Loss: 0.0476 | Acc: 0.9129
Training: [1, 2, 3, 4, 5, 7, 9]
Files already downloaded and verified
Files already downloaded and verified
Loss: 0.0325 | Acc: 0.9509
Training: [2, 5, 7]
Files already downloaded and verified
Files already downloaded and verified
Loss: 0.0456 | Acc: 0.9326
Training: [0, 1, 2, 3, 5, 7, 8]
Files already downloaded and verified
Files already downloaded and verified
Loss: 0.0801 | Acc: 0.8355
Training: [1, 3, 5, 6, 9]
Files already downloaded and verified
Files already downloaded and verified
Loss: 0.0241 | Acc: 0.9701
Training: [1, 3, 9]
Files already downloaded and verified
Files already downloaded and verified
Loss: 0.0519 | Acc: 0.9288
Training: [1, 2, 4, 5, 9]
Files already downloaded and verified
Files already downloaded and verified
Loss: 0.0640 | Acc: 0.8967
Training: [2, 7, 8, 9]
Files already downloaded and verified
Files already downloaded and verified
Loss: 0.0625 | Acc: 0.9145
Training: [3, 4, 5, 6, 7, 8, 9]
Files already downloaded and verified
Files already downloaded and verified
Loss: 0.0273 | Acc: 0.9617
Training: [0, 1, 2, 4]
Files already downloaded and verified
Files already downloaded and verified
Loss: 0.0508 | Acc: 0.9313
Training: [1, 5, 8, 9]
Files already downloaded and verified
Files already downloaded and verified
Loss: 0.0586 | Acc: 0.9221
Training: [0, 1, 3, 4, 6, 8, 9]
Files already downloaded and verified
Files already downloaded and verified
Loss: 0.0394 | Acc: 0.9365
Training: [2, 4, 5, 7, 9]
Files already downloaded and verified
Files already downloaded and verified
Loss: 0.0918 | Acc: 0.8429
Training: [0, 1, 2, 6, 7, 9]
Files already downloaded and verified
Files already downloaded and verified
Loss: 0.0509 | Acc: 0.9292
Training: [0, 3, 4, 6, 8, 9]
Files already downloaded and verified
Files already downloaded and verified
Loss: 0.0604 | Acc: 0.8981
Training: [1, 2, 3, 6, 8]
Files already downloaded and verified
Files already downloaded and verified
Loss: 0.0773 | Acc: 0.8876
Training: [0, 1, 2, 5, 7]
Files already downloaded and verified
Files already downloaded and verified
Loss: 0.0763 | Acc: 0.8777
Training: [2, 3, 4, 5, 6, 7, 8, 9]
Files already downloaded and verified
Files already downloaded and verified
Loss: 0.0679 | Acc: 0.8801
Training: [0, 1, 3, 5, 8, 9]
Files already downloaded and verified
Files already downloaded and verified
Loss: 0.0404 | Acc: 0.9400
Training: [0, 2, 3, 5, 6, 7]
Files already downloaded and verified
Files already downloaded and verified
Loss: 0.0408 | Acc: 0.9176
Training: [1, 2, 6, 9]
Files already downloaded and verified
Files already downloaded and verified
Loss: 0.0395 | Acc: 0.9499
Training: [2, 3, 4, 5, 9]
Files already downloaded and verified
Files already downloaded and verified
Loss: 0.0811 | Acc: 0.8445
Training: [0, 5, 6, 9]
Files already downloaded and verified
Files already downloaded and verified
Loss: 0.0622 | Acc: 0.9209
Training: [1, 3, 4, 5, 7, 9]
Files already downloaded and verified
Files already downloaded and verified
Loss: 0.0257 | Acc: 0.9607
Training: [2, 3, 4]
Files already downloaded and verified
Files already downloaded and verified
Loss: 0.0449 | Acc: 0.9333
Training: [0, 2, 3, 5]
Files already downloaded and verified
Files already downloaded and verified
Loss: 0.0769 | Acc: 0.8801
Training: [1, 2, 7, 9]
Files already downloaded and verified
Files already downloaded and verified
Loss: 0.0383 | Acc: 0.9545
Training: [0, 2, 3, 6, 8, 9]
Files already downloaded and verified
Files already downloaded and verified
Loss: 0.0437 | Acc: 0.9418
Training: [0, 1, 3, 4, 6, 9]
Files already downloaded and verified
Files already downloaded and verified
Loss: 0.0515 | Acc: 0.9201
Training: [3, 5, 6, 8, 9]
Files already downloaded and verified
Files already downloaded and verified
Loss: 0.0500 | Acc: 0.9491
Training: [0, 1, 2, 3, 4, 6, 7, 9]
Files already downloaded and verified
Files already downloaded and verified
Loss: 0.0344 | Acc: 0.9549
Training: [3, 4, 7]
Files already downloaded and verified
Files already downloaded and verified
Loss: 0.0731 | Acc: 0.9239
Training: [2, 6, 9]
Files already downloaded and verified
Files already downloaded and verified
Loss: 0.0601 | Acc: 0.9376
Training: [0, 5, 8]
Files already downloaded and verified
Files already downloaded and verified
Loss: 0.0552 | Acc: 0.9292
Training: [0, 3, 5, 6]
Files already downloaded and verified
Files already downloaded and verified
Loss: 0.0421 | Acc: 0.9502
Training: [0, 1, 3, 6, 8]
Files already downloaded and verified
Files already downloaded and verified
Loss: 0.0680 | Acc: 0.8910
Training: [3, 5, 6, 9]
Files already downloaded and verified
Files already downloaded and verified
Loss: 0.0548 | Acc: 0.9216
Training: [1, 3, 5, 8]
Files already downloaded and verified
Files already downloaded and verified
Loss: 0.0548 | Acc: 0.9056
Training: [0, 2]
Files already downloaded and verified
Files already downloaded and verified
Loss: 0.0389 | Acc: 0.9474
Training: [0, 2, 3, 8, 9]
Files already downloaded and verified
Files already downloaded and verified
Loss: 0.1188 | Acc: 0.8079
Training: [1, 2, 5, 9]
Files already downloaded and verified
Files already downloaded and verified
Loss: 0.0810 | Acc: 0.8518
Training: [0, 6, 9]
Files already downloaded and verified
Files already downloaded and verified
Loss: 0.1952 | Acc: 0.6692
Training: [1, 2, 5, 6]
Files already downloaded and verified
Files already downloaded and verified
Loss: 0.0723 | Acc: 0.9018
Training: [0, 1, 4, 5, 6, 8, 9]
Files already downloaded and verified
Files already downloaded and verified
Loss: 0.0387 | Acc: 0.9399
Training: [0, 1, 3, 5, 6, 8]
Files already downloaded and verified
Files already downloaded and verified
Loss: 0.0530 | Acc: 0.9045
Training: [0, 1, 3, 5, 6, 7, 8, 9]
Files already downloaded and verified
Files already downloaded and verified
Loss: 0.0543 | Acc: 0.9143
Training: [0, 7, 8, 9]
Files already downloaded and verified
Files already downloaded and verified
Loss: 0.0420 | Acc: 0.9571
Training: [1, 2, 3, 4, 5, 6, 7]
Files already downloaded and verified
Files already downloaded and verified
Loss: 0.0227 | Acc: 0.9725
Training: [1, 3, 7, 8]
Files already downloaded and verified
Files already downloaded and verified
Loss: 0.0554 | Acc: 0.9244
Training: [1, 2, 4, 5, 6, 8]
Files already downloaded and verified
Files already downloaded and verified
Loss: 0.0732 | Acc: 0.8878
==> Generating..Training: [0, 2, 3, 5, 6, 7, 9]
Files already downloaded and verified
Files already downloaded and verified
Loss: 0.0555 | Acc: 0.9061
Training: [0, 2, 4, 6, 8]
Files already downloaded and verified
Files already downloaded and verified
Loss: 0.0298 | Acc: 0.9611
Training: [1, 2, 3, 5, 6, 8, 9]
Files already downloaded and verified
Files already downloaded and verified
Loss: 0.0555 | Acc: 0.8859
Training: [0, 1, 2, 3, 5, 6, 7, 8]
Files already downloaded and verified
Files already downloaded and verified
Loss: 0.0238 | Acc: 0.9637
Training: [3, 5, 6, 7, 8]
Files already downloaded and verified
Files already downloaded and verified
Loss: 0.0940 | Acc: 0.8259
Training: [0, 1, 5, 6, 7, 8]
Files already downloaded and verified
Files already downloaded and verified
Loss: 0.0814 | Acc: 0.8491
Training: [2, 6, 8]
Files already downloaded and verified
Files already downloaded and verified
Loss: 0.0874 | Acc: 0.8427
Training: [3, 4, 5, 9]
Files already downloaded and verified
Files already downloaded and verified
Loss: 0.0627 | Acc: 0.9156