Training: [2, 4, 5, 7]
Files already downloaded and verified
Files already downloaded and verified
Loss: 0.0497 | Acc: 0.9185
Training: [2, 4, 5, 6, 7, 9]
Files already downloaded and verified
Files already downloaded and verified
Loss: 0.0690 | Acc: 0.9005
Training: [1, 6, 7]
Files already downloaded and verified
Files already downloaded and verified
Loss: 0.0396 | Acc: 0.9548
Training: [0, 2, 3, 5, 6, 7, 8, 9]
Files already downloaded and verified
Files already downloaded and verified
Loss: 0.0528 | Acc: 0.9155
Training: [1, 2, 5, 6, 7]
Files already downloaded and verified
Files already downloaded and verified
Loss: 0.0952 | Acc: 0.8464
Training: [3, 5, 6, 7, 8]
Files already downloaded and verified
Files already downloaded and verified
Loss: 0.0639 | Acc: 0.9197
Training: [1, 6, 9]
Files already downloaded and verified
Files already downloaded and verified
Loss: 0.1675 | Acc: 0.7348
Training: [0, 2, 4, 7, 8]
Files already downloaded and verified
Files already downloaded and verified
Loss: 0.0317 | Acc: 0.9588
Training: [0, 1, 2, 4, 5, 6, 8, 9]
Files already downloaded and verified
Files already downloaded and verified
Loss: 0.0414 | Acc: 0.9304
Training: [0, 1, 2, 3, 4, 7, 8]
Files already downloaded and verified
Files already downloaded and verified
Loss: 0.0624 | Acc: 0.8829
Training: [0, 1, 2, 3, 4, 5, 7, 8, 9]
Files already downloaded and verified
Files already downloaded and verified
Loss: 0.0382 | Acc: 0.9483
Training: [0, 2, 5, 7, 8]
Files already downloaded and verified
Files already downloaded and verified
Loss: 0.0781 | Acc: 0.8109
Training: [1, 4, 7, 9]
Files already downloaded and verified
Files already downloaded and verified
Loss: 0.1056 | Acc: 0.8360
Training: [0, 5, 6, 7, 8, 9]
Files already downloaded and verified
Files already downloaded and verified
Loss: 0.1083 | Acc: 0.8042
Training: [0, 1, 3, 6, 8]
Files already downloaded and verified
Files already downloaded and verified
Loss: 0.0526 | Acc: 0.9176
Training: [1, 3, 5, 7, 9]
Files already downloaded and verified
Files already downloaded and verified
Loss: 0.1428 | Acc: 0.7666
Training: [5, 6]
Files already downloaded and verified
Files already downloaded and verified
Loss: 0.1449 | Acc: 0.8036
Training: [0, 2, 3, 6, 7]
Files already downloaded and verified
Files already downloaded and verified
Loss: 0.0719 | Acc: 0.9021
Training: [1, 2, 3, 5, 6]
Files already downloaded and verified
Files already downloaded and verified
Loss: 0.0448 | Acc: 0.9332
Training: [1, 6, 8]
Files already downloaded and verified
Files already downloaded and verified
Loss: 0.1049 | Acc: 0.8114