Training: [0, 1, 5, 6, 9]
Files already downloaded and verified
Files already downloaded and verified
Loss: 0.0695 | Acc: 0.8700
Training: [0, 3, 5]
Files already downloaded and verified
Files already downloaded and verified
Loss: 0.0794 | Acc: 0.8556
Training: [1, 2, 3, 4, 8]
Files already downloaded and verified
Files already downloaded and verified
Loss: 0.0884 | Acc: 0.8293
Training: [0, 1, 2, 3, 4, 6, 9]
Files already downloaded and verified
Files already downloaded and verified
Loss: 0.0391 | Acc: 0.9390
Training: [1, 2, 3, 4, 8]
Files already downloaded and verified
Files already downloaded and verified
Loss: 0.0656 | Acc: 0.9022
Training: [0, 2, 6, 7, 9]
Files already downloaded and verified
Files already downloaded and verified
Loss: 0.0661 | Acc: 0.8978
Training: [3, 4, 6, 7, 8, 9]
Files already downloaded and verified
Files already downloaded and verified
Loss: 0.0750 | Acc: 0.8816
Training: [1, 5, 7, 8]
Files already downloaded and verified
Files already downloaded and verified
Loss: 0.0525 | Acc: 0.9362
Training: [0, 1, 3, 4, 5, 7]
Files already downloaded and verified
Files already downloaded and verified
Loss: 0.0513 | Acc: 0.9208
Training: [1, 5, 7, 8, 9]
Files already downloaded and verified
Files already downloaded and verified
Loss: 0.0474 | Acc: 0.9410
Training: [1, 3, 4, 5, 6, 7, 8, 9]
Files already downloaded and verified
Files already downloaded and verified
Loss: 0.0342 | Acc: 0.9609
Training: [1, 5, 7, 8, 9]
Files already downloaded and verified
Files already downloaded and verified
Loss: 0.0449 | Acc: 0.9436
Training: [0, 1, 2, 3, 4, 6, 9]
Files already downloaded and verified
Files already downloaded and verified
Loss: 0.0389 | Acc: 0.9482
Training: [2, 6, 7, 9]
Files already downloaded and verified
Files already downloaded and verified
Loss: 0.1034 | Acc: 0.8244
Training: [1, 2, 3, 6, 7, 8]
Files already downloaded and verified
Files already downloaded and verified
Loss: 0.0741 | Acc: 0.8700
Training: [1, 2, 3, 6, 7, 8]
Files already downloaded and verified
Files already downloaded and verified
Loss: 0.0663 | Acc: 0.8935
Training: [3, 4, 7, 9]
Files already downloaded and verified
Files already downloaded and verified
Loss: 0.0539 | Acc: 0.9285
Training: [0, 1, 3, 4, 5, 7]
Files already downloaded and verified
Files already downloaded and verified
Loss: 0.0518 | Acc: 0.9255
Training: [2, 6, 7, 9]
Files already downloaded and verified
Files already downloaded and verified
Loss: 0.0761 | Acc: 0.8788
Training: [2]
Files already downloaded and verified
Files already downloaded and verified
Loss: 0.0197 | Acc: 0.9795
Training: [1, 3, 4, 5, 6, 7, 8, 9]
Files already downloaded and verified
Files already downloaded and verified
Loss: 0.0278 | Acc: 0.9648
Training: [1, 2, 3, 4, 5, 7, 8]
Files already downloaded and verified
Files already downloaded and verified
Loss: 0.0244 | Acc: 0.9659
Training: [2, 3, 4, 6, 7, 8]
Files already downloaded and verified
Files already downloaded and verified
Loss: 0.0434 | Acc: 0.9503
Training: [0, 1, 3, 4, 5, 7]
Files already downloaded and verified
Files already downloaded and verified
Loss: 0.0633 | Acc: 0.8676
Training: [1, 3, 4, 5, 6, 7, 8, 9]
Files already downloaded and verified
Files already downloaded and verified
Loss: 0.0303 | Acc: 0.9556
Training: [0, 3, 5]
Files already downloaded and verified
Files already downloaded and verified
Loss: 0.0875 | Acc: 0.8182
Training: [0, 3, 5]
Files already downloaded and verified
Files already downloaded and verified
Loss: 0.0933 | Acc: 0.8225
Training: [3, 4, 6, 7, 8, 9]
Files already downloaded and verified
Files already downloaded and verified
Loss: 0.0760 | Acc: 0.9079
Training: [3, 4, 7, 9]
Files already downloaded and verified
Files already downloaded and verified
Loss: 0.0637 | Acc: 0.9138
Training: [2, 3, 4, 6, 7, 8]
Files already downloaded and verified
Files already downloaded and verified
Loss: 0.0548 | Acc: 0.9295
Training: [0, 2, 6, 7, 9]
Files already downloaded and verified
Files already downloaded and verified
Loss: 0.0641 | Acc: 0.9125
Training: [0, 1, 2, 3, 4, 6, 9]
Files already downloaded and verified
Files already downloaded and verified
Loss: 0.0415 | Acc: 0.9350
Training: [0, 2, 8, 9]
Files already downloaded and verified
Files already downloaded and verified
Loss: 0.0749 | Acc: 0.8835
Training: [0, 1, 5, 6, 9]
Files already downloaded and verified
Files already downloaded and verified
Loss: 0.0667 | Acc: 0.8931
Training: [0, 3, 6, 7, 9]
Files already downloaded and verified
Files already downloaded and verified
Loss: 0.0972 | Acc: 0.8214
Training: [1, 2, 3, 6, 7, 8]
Files already downloaded and verified
Files already downloaded and verified
Loss: 0.0608 | Acc: 0.9079
Training: [0, 3, 6, 7, 9]
Files already downloaded and verified
Files already downloaded and verified
Loss: 0.0970 | Acc: 0.8236
Training: [1, 2, 3, 4, 5, 7, 8]
Files already downloaded and verified
Files already downloaded and verified
Loss: 0.0355 | Acc: 0.9539
Training: [1, 4, 5, 6, 8]
Files already downloaded and verified
Files already downloaded and verified
Loss: 0.0852 | Acc: 0.8339
Training: [0, 2, 6, 7, 9]
Files already downloaded and verified
Files already downloaded and verified
Loss: 0.0647 | Acc: 0.9112
Training: [0, 2, 8, 9]
Files already downloaded and verified
Files already downloaded and verified
Loss: 0.0361 | Acc: 0.9568
Training: [2]
Files already downloaded and verified
Files already downloaded and verified
Loss: 0.0450 | Acc: 0.9276
Training: [0, 2, 8, 9]
Files already downloaded and verified
Files already downloaded and verified
Loss: 0.0482 | Acc: 0.9248
Training: [1, 4, 5, 6, 8]
Files already downloaded and verified
Files already downloaded and verified
Loss: 0.0585 | Acc: 0.9191
Training: [2]
Files already downloaded and verified
Files already downloaded and verified
Loss: 0.0258 | Acc: 0.9663
Training: [1, 2, 3, 4, 8]
Files already downloaded and verified
Files already downloaded and verified
Loss: 0.0719 | Acc: 0.8984
Training: [1, 5, 7, 8, 9]
Files already downloaded and verified
Files already downloaded and verified
Loss: 0.0585 | Acc: 0.9320
Training: [0, 3, 6, 7, 9]
Files already downloaded and verified
Files already downloaded and verified
Loss: 0.0795 | Acc: 0.8671
Training: [1, 5, 7, 8]
Files already downloaded and verified
Files already downloaded and verified
Loss: 0.0571 | Acc: 0.9260
Training: [2, 3, 7, 9]
Files already downloaded and verified
Files already downloaded and verified
Loss: 0.1447 | Acc: 0.7284
Training: [3, 4, 6, 7, 8, 9]
Files already downloaded and verified
Files already downloaded and verified
Loss: 0.1039 | Acc: 0.7761
Training: [1, 4, 5, 6, 8]
Files already downloaded and verified
Files already downloaded and verified
Loss: 0.0663 | Acc: 0.8976
Training: [1, 2, 3, 4, 5, 7, 8]
Files already downloaded and verified
Files already downloaded and verified
Loss: 0.0506 | Acc: 0.9262
Training: [3, 4, 7, 9]
Files already downloaded and verified
Files already downloaded and verified
Loss: 0.0836 | Acc: 0.9060
Training: [2, 3, 7, 9]
Files already downloaded and verified
Files already downloaded and verified
Loss: 0.0693 | Acc: 0.9015
Training: [2, 3, 7, 9]
Files already downloaded and verified
Files already downloaded and verified
Loss: 0.1451 | Acc: 0.7445
Training: [1, 5, 7, 8]
Files already downloaded and verified
Files already downloaded and verified
Loss: 0.0766 | Acc: 0.8574
Training: [2, 6, 7, 9]
Files already downloaded and verified
Files already downloaded and verified
Loss: 0.0597 | Acc: 0.9373
Training: [2, 3, 4, 6, 7, 8]
Files already downloaded and verified
Files already downloaded and verified
Loss: 0.0421 | Acc: 0.9448
Training: [0, 1, 5, 6, 9]
Files already downloaded and verified
Files already downloaded and verified
Loss: 0.0460 | Acc: 0.9400