Training: [0, 1, 5, 6, 9]
Files already downloaded and verified
Files already downloaded and verified
Loss: 0.0455 | Acc: 0.9343
Training: [0, 3, 5]
Files already downloaded and verified
Files already downloaded and verified
Loss: 0.0650 | Acc: 0.9175
Training: [1, 2, 3, 4, 8]
Files already downloaded and verified
Files already downloaded and verified
Loss: 0.0602 | Acc: 0.9205
Training: [0, 1, 2, 3, 4, 6, 9]
Files already downloaded and verified
Files already downloaded and verified
Loss: 0.0279 | Acc: 0.9613
Training: [1, 2, 3, 4, 8]
Files already downloaded and verified
Files already downloaded and verified
Loss: 0.0628 | Acc: 0.9193
Training: [0, 2, 6, 7, 9]
Files already downloaded and verified
Files already downloaded and verified
Loss: 0.0814 | Acc: 0.8425
Training: [3, 4, 6, 7, 8, 9]
Files already downloaded and verified
Files already downloaded and verified
Loss: 0.0721 | Acc: 0.9110
Training: [1, 5, 7, 8]
Files already downloaded and verified
Files already downloaded and verified
Loss: 0.0635 | Acc: 0.8664
Training: [0, 1, 3, 4, 5, 7]
Files already downloaded and verified
Files already downloaded and verified
Loss: 0.0662 | Acc: 0.9008
Training: [1, 5, 7, 8, 9]
Files already downloaded and verified
Files already downloaded and verified
Loss: 0.0673 | Acc: 0.9026
Training: [1, 3, 4, 5, 6, 7, 8, 9]
Files already downloaded and verified
Files already downloaded and verified
Loss: 0.0360 | Acc: 0.9599
Training: [1, 5, 7, 8, 9]
Files already downloaded and verified
Files already downloaded and verified
Loss: 0.0459 | Acc: 0.9290
Training: [0, 1, 2, 3, 4, 6, 9]
Files already downloaded and verified
Files already downloaded and verified
Loss: 0.0537 | Acc: 0.9135
Training: [2, 6, 7, 9]
Files already downloaded and verified
Files already downloaded and verified
Loss: 0.1370 | Acc: 0.6953
Training: [1, 2, 3, 6, 7, 8]
Files already downloaded and verified
Files already downloaded and verified
Loss: 0.0800 | Acc: 0.8591
Training: [1, 2, 3, 6, 7, 8]
Files already downloaded and verified
Files already downloaded and verified
Loss: 0.0739 | Acc: 0.8611
Training: [3, 4, 7, 9]
Files already downloaded and verified
Files already downloaded and verified
Loss: 0.1695 | Acc: 0.7421
Training: [0, 1, 3, 4, 5, 7]
Files already downloaded and verified
Files already downloaded and verified
Loss: 0.0651 | Acc: 0.8926
Training: [2, 6, 7, 9]
Files already downloaded and verified
Files already downloaded and verified
Loss: 0.1447 | Acc: 0.7203
Training: [2]
Files already downloaded and verified
Files already downloaded and verified
Loss: 0.8010 | Acc: 0.5268
Training: [1, 3, 4, 5, 6, 7, 8, 9]
Files already downloaded and verified
Files already downloaded and verified
Loss: 0.0583 | Acc: 0.8792
Training: [1, 2, 3, 4, 5, 7, 8]
Files already downloaded and verified
Files already downloaded and verified
Loss: 0.0608 | Acc: 0.9206
Training: [2, 3, 4, 6, 7, 8]
Files already downloaded and verified
Files already downloaded and verified
Loss: 0.0502 | Acc: 0.9364
Training: [0, 1, 3, 4, 5, 7]
Files already downloaded and verified
Files already downloaded and verified
Loss: 0.0650 | Acc: 0.9072
Training: [1, 3, 4, 5, 6, 7, 8, 9]
Files already downloaded and verified
Files already downloaded and verified
Loss: 0.0358 | Acc: 0.9458
Training: [0, 3, 5]
Files already downloaded and verified
Files already downloaded and verified
Loss: 0.0989 | Acc: 0.8393
Training: [0, 3, 5]
Files already downloaded and verified
Files already downloaded and verified
Loss: 0.0520 | Acc: 0.9465
Training: [3, 4, 6, 7, 8, 9]
Files already downloaded and verified
Files already downloaded and verified
Loss: 0.1682 | Acc: 0.6933
Training: [3, 4, 7, 9]
Files already downloaded and verified
Files already downloaded and verified
Loss: 0.1311 | Acc: 0.7710
Training: [2, 3, 4, 6, 7, 8]
Files already downloaded and verified
Files already downloaded and verified
Loss: 0.0753 | Acc: 0.8546
Training: [0, 2, 6, 7, 9]
Files already downloaded and verified
Files already downloaded and verified
Loss: 0.0614 | Acc: 0.9093
Training: [0, 1, 2, 3, 4, 6, 9]
Files already downloaded and verified
Files already downloaded and verified
Loss: 0.0617 | Acc: 0.8993
Training: [0, 2, 8, 9]
Files already downloaded and verified
Files already downloaded and verified
Loss: 0.0357 | Acc: 0.9622
Training: [0, 1, 5, 6, 9]
Files already downloaded and verified
Files already downloaded and verified
Loss: 0.0746 | Acc: 0.8837
Training: [0, 3, 6, 7, 9]
Files already downloaded and verified
Files already downloaded and verified
Loss: 0.1019 | Acc: 0.8275
Training: [1, 2, 3, 6, 7, 8]
Files already downloaded and verified
Files already downloaded and verified
Loss: 0.0803 | Acc: 0.8574
Training: [0, 3, 6, 7, 9]
Files already downloaded and verified
Files already downloaded and verified
Loss: 0.1001 | Acc: 0.8491
Training: [1, 2, 3, 4, 5, 7, 8]
Files already downloaded and verified
Files already downloaded and verified
Loss: 0.1222 | Acc: 0.7925
Training: [1, 4, 5, 6, 8]
Files already downloaded and verified
Files already downloaded and verified
Loss: 0.0651 | Acc: 0.8949
Training: [0, 2, 6, 7, 9]
Files already downloaded and verified
Files already downloaded and verified
Loss: 0.0715 | Acc: 0.8774
Training: [0, 2, 8, 9]
Files already downloaded and verified
Files already downloaded and verified
Loss: 0.1068 | Acc: 0.8456
Training: [2]
Files already downloaded and verified
Files already downloaded and verified
Loss: 0.8825 | Acc: 0.5152
Training: [0, 2, 8, 9]
Files already downloaded and verified
Files already downloaded and verified
Loss: 0.0335 | Acc: 0.9561
Training: [1, 4, 5, 6, 8]
Files already downloaded and verified
Files already downloaded and verified
Loss: 0.0700 | Acc: 0.8773
Training: [2]
Files already downloaded and verified
Files already downloaded and verified
Loss: 0.2259 | Acc: 0.6951
Training: [1, 2, 3, 4, 8]
Files already downloaded and verified
Files already downloaded and verified
Loss: 0.0549 | Acc: 0.9178
Training: [1, 5, 7, 8, 9]
Files already downloaded and verified
Files already downloaded and verified
Loss: 0.0574 | Acc: 0.9072
Training: [0, 3, 6, 7, 9]
Files already downloaded and verified
Files already downloaded and verified
Loss: 0.0884 | Acc: 0.8698
Training: [1, 5, 7, 8]
Files already downloaded and verified
Files already downloaded and verified
Loss: 0.0557 | Acc: 0.9184
Training: [2, 3, 7, 9]
Files already downloaded and verified
Files already downloaded and verified
Loss: 0.1302 | Acc: 0.7495
Training: [3, 4, 6, 7, 8, 9]
Files already downloaded and verified
Files already downloaded and verified
Loss: 0.0954 | Acc: 0.8493
Training: [1, 4, 5, 6, 8]
Files already downloaded and verified
Files already downloaded and verified
Loss: 0.1447 | Acc: 0.8060
Training: [1, 2, 3, 4, 5, 7, 8]
Files already downloaded and verified
Files already downloaded and verified
Loss: 0.0700 | Acc: 0.8489
Training: [3, 4, 7, 9]
Files already downloaded and verified
Files already downloaded and verified
Loss: 0.1067 | Acc: 0.8084
Training: [2, 3, 7, 9]
Files already downloaded and verified
Files already downloaded and verified
Loss: 0.1274 | Acc: 0.7569
Training: [2, 3, 7, 9]
Files already downloaded and verified
Files already downloaded and verified
Loss: 0.1094 | Acc: 0.7823
Training: [1, 5, 7, 8]
Files already downloaded and verified
Files already downloaded and verified
Loss: 0.0708 | Acc: 0.8649
Training: [2, 6, 7, 9]
Files already downloaded and verified
Files already downloaded and verified
Loss: 0.1238 | Acc: 0.7485
Training: [2, 3, 4, 6, 7, 8]
Files already downloaded and verified
Files already downloaded and verified
Loss: 0.0796 | Acc: 0.8649
Training: [0, 1, 5, 6, 9]
Files already downloaded and verified
Files already downloaded and verified
Loss: 0.0592 | Acc: 0.8846